# Logfile created on 2012-05-21 22:21:05 -0300 by logger.rb/25413
2012-05-21T22:21:05-0300: [Worker(delayed_job host:MacBook-Pro-de-Leonardo.local pid:706)] Starting job worker
2012-05-21T22:21:10-0300: [Worker(delayed_job host:MacBook-Pro-de-Leonardo.local pid:706)] Class#associated_a_project completed after 5.2666
2012-05-21T22:21:15-0300: [Worker(delayed_job host:MacBook-Pro-de-Leonardo.local pid:706)] Class#associated_a_project completed after 4.3954
2012-05-21T22:21:19-0300: [Worker(delayed_job host:MacBook-Pro-de-Leonardo.local pid:706)] Class#associated_a_project completed after 3.9914
2012-05-21T22:21:19-0300: [Worker(delayed_job host:MacBook-Pro-de-Leonardo.local pid:706)] 3 jobs processed at 0.2183 j/s, 0 failed ...
2012-05-21T22:22:08-0300: [Worker(delayed_job host:MacBook-Pro-de-Leonardo.local pid:706)] Class#associated_a_project completed after 3.9847
2012-05-21T22:22:08-0300: [Worker(delayed_job host:MacBook-Pro-de-Leonardo.local pid:706)] 1 jobs processed at 0.2490 j/s, 0 failed ...
2012-05-21T22:23:26-0300: [Worker(delayed_job host:MacBook-Pro-de-Leonardo.local pid:706)] Exiting...
2012-05-21T22:23:26-0300: [Worker(delayed_job host:MacBook-Pro-de-Leonardo.local pid:706)] Exiting...
2012-05-21T22:38:50-0300: [Worker(delayed_job host:MacBook-Pro-de-Leonardo.local pid:378)] Starting job worker
2012-05-21T22:38:56-0300: [Worker(delayed_job host:MacBook-Pro-de-Leonardo.local pid:378)] Exiting...
2012-05-24T10:09:54-0300: [Worker(delayed_job.0 host:Mac-mini-de-Rodrigo.local pid:1040)] Starting job worker
2012-05-24T10:09:54-0300: [Worker(delayed_job.1 host:Mac-mini-de-Rodrigo.local pid:1042)] Starting job worker
2012-05-24T10:30:24-0300: [Worker(delayed_job.0 host:Mac-mini-de-Rodrigo.local pid:1040)] Class#associated_a_project completed after 4.2630
2012-05-24T10:30:24-0300: [Worker(delayed_job.0 host:Mac-mini-de-Rodrigo.local pid:1040)] 1 jobs processed at 0.2334 j/s, 0 failed ...
2012-05-24T10:30:53-0300: [Worker(delayed_job.0 host:Mac-mini-de-Rodrigo.local pid:1040)] Class#associated_a_project completed after 3.7846
2012-05-24T10:30:53-0300: [Worker(delayed_job.0 host:Mac-mini-de-Rodrigo.local pid:1040)] 1 jobs processed at 0.2637 j/s, 0 failed ...
2012-05-24T18:29:12-0300: [Worker(delayed_job.0 host:Mac-mini-de-Rodrigo.local pid:1040)] Exiting...
2012-05-24T18:29:12-0300: [Worker(delayed_job.1 host:Mac-mini-de-Rodrigo.local pid:1042)] Exiting...
2012-05-24T18:29:13-0300: [Worker(delayed_job.1 host:Mac-mini-de-Rodrigo.local pid:1042)] Exiting...
2012-05-24T18:29:13-0300: [Worker(delayed_job.0 host:Mac-mini-de-Rodrigo.local pid:1040)] Exiting...
