Compiled jquery.js  (6ms)  (pid 17013)
Compiled jquery_ujs.js  (0ms)  (pid 17013)
Compiled projects.js  (238ms)  (pid 17013)
Compiled sessions.js  (88ms)  (pid 17013)
Compiled users.js  (93ms)  (pid 17013)
Compiled application.js  (555ms)  (pid 17013)
Compiled application.css  (0ms)  (pid 17013)
Compiled jquery.js  (8ms)  (pid 17013)
Compiled jquery_ujs.js  (0ms)  (pid 17013)
Compiled projects.js  (194ms)  (pid 17013)
Compiled sessions.js  (86ms)  (pid 17013)
Compiled users.js  (89ms)  (pid 17013)
Compiled application.js  (506ms)  (pid 17013)
Compiled application.css  (0ms)  (pid 17013)
Compiled jquery.js  (6ms)  (pid 17062)
Compiled jquery_ujs.js  (0ms)  (pid 17062)
Compiled projects.js  (192ms)  (pid 17062)
Compiled sessions.js  (94ms)  (pid 17062)
Compiled users.js  (85ms)  (pid 17062)
Compiled application.js  (438ms)  (pid 17062)
Compiled application.css  (0ms)  (pid 17062)
Compiled jquery.js  (6ms)  (pid 17062)
Compiled jquery_ujs.js  (0ms)  (pid 17062)
Compiled projects.js  (199ms)  (pid 17062)
Compiled sessions.js  (87ms)  (pid 17062)
Compiled users.js  (88ms)  (pid 17062)
Compiled application.js  (435ms)  (pid 17062)
Compiled application.css  (0ms)  (pid 17062)
Compiled jquery.js  (4ms)  (pid 4021)
Compiled jquery_ujs.js  (0ms)  (pid 4021)
Compiled projects.js  (118ms)  (pid 4021)
Compiled sessions.js  (60ms)  (pid 4021)
Compiled users.js  (64ms)  (pid 4021)
Compiled application.js  (330ms)  (pid 4021)
Compiled application.css  (0ms)  (pid 4021)
Compiled jquery.js  (7ms)  (pid 4021)
Compiled jquery_ujs.js  (0ms)  (pid 4021)
Compiled projects.js  (67ms)  (pid 4021)
Compiled sessions.js  (108ms)  (pid 4021)
Compiled users.js  (57ms)  (pid 4021)
Compiled application.js  (276ms)  (pid 4021)
Compiled application.css  (0ms)  (pid 4021)
Compiled jquery.js  (11ms)  (pid 4075)
Compiled jquery_ujs.js  (0ms)  (pid 4075)
Compiled projects.js  (72ms)  (pid 4075)
Compiled sessions.js  (62ms)  (pid 4075)
Compiled users.js  (61ms)  (pid 4075)
Compiled application.js  (290ms)  (pid 4075)
Compiled application.css  (0ms)  (pid 4075)
Compiled jquery.js  (4ms)  (pid 4075)
Compiled jquery_ujs.js  (0ms)  (pid 4075)
Compiled projects.js  (80ms)  (pid 4075)
Compiled sessions.js  (102ms)  (pid 4075)
Compiled users.js  (57ms)  (pid 4075)
Compiled application.js  (281ms)  (pid 4075)
Compiled application.css  (0ms)  (pid 4075)
Compiled jquery.js  (7ms)  (pid 1466)
Compiled jquery_ujs.js  (0ms)  (pid 1466)
Compiled projects.js  (66ms)  (pid 1466)
Compiled sessions.js  (60ms)  (pid 1466)
Compiled users.js  (58ms)  (pid 1466)
Compiled application.js  (317ms)  (pid 1466)
Compiled application.css  (0ms)  (pid 1466)
Compiled jquery.js  (4ms)  (pid 1466)
Compiled jquery_ujs.js  (0ms)  (pid 1466)
Compiled projects.js  (70ms)  (pid 1466)
Compiled sessions.js  (109ms)  (pid 1466)
Compiled users.js  (61ms)  (pid 1466)
Compiled application.js  (284ms)  (pid 1466)
